<?xml version="1.0" encoding="UTF-8"?>
<!-- Generated by org.testng.reporters.JUnitReportReporter -->
<testsuite skipped="0" hostname="DESKTOP-MQN71IE" name="com.Asgri.android.RegisterNewland" tests="1" failures="0" timestamp="2020-08-25T16:00:08 IST" time="88.783" errors="1">
  <testcase name="RegisterLand" time="88.783" classname="com.Asgri.android.RegisterNewland">
    <error type="java.lang.reflect.InvocationTargetException">
      <![CDATA[java.lang.reflect.InvocationTargetException
at sun.reflect.NativeMethodAccessorImpl.invoke0(Native Method)
at sun.reflect.NativeMethodAccessorImpl.invoke(Unknown Source)
at sun.reflect.DelegatingMethodAccessorImpl.invoke(Unknown Source)
at java.lang.reflect.Method.invoke(Unknown Source)
at io.appium.java_client.pagefactory.ElementInterceptor.intercept(ElementInterceptor.java:47)
at io.appium.java_client.android.AndroidElement$$EnhancerByCGLIB$$c0b591f0.sendKeys(<generated>)
at com.Asgri.android.RegisterNewland.RegisterLand(RegisterNewland.java:56)
at sun.reflect.NativeMethodAccessorImpl.invoke0(Native Method)
at sun.reflect.NativeMethodAccessorImpl.invoke(Unknown Source)
at sun.reflect.DelegatingMethodAccessorImpl.invoke(Unknown Source)
at java.lang.reflect.Method.invoke(Unknown Source)
at org.testng.internal.MethodInvocationHelper.invokeMethod(MethodInvocationHelper.java:135)
at org.testng.internal.TestInvoker.invokeMethod(TestInvoker.java:598)
at org.testng.internal.TestInvoker.invokeTestMethod(TestInvoker.java:174)
at org.testng.internal.MethodRunner.runInSequence(MethodRunner.java:46)
at org.testng.internal.TestInvoker$MethodInvocationAgent.invoke(TestInvoker.java:821)
at org.testng.internal.TestInvoker.invokeTestMethods(TestInvoker.java:147)
at org.testng.internal.TestMethodWorker.invokeTestMethods(TestMethodWorker.java:146)
at org.testng.internal.TestMethodWorker.run(TestMethodWorker.java:128)
at java.util.ArrayList.forEach(Unknown Source)
at org.testng.TestRunner.privateRun(TestRunner.java:767)
at org.testng.TestRunner.run(TestRunner.java:588)
at org.testng.SuiteRunner.runTest(SuiteRunner.java:384)
at org.testng.SuiteRunner.runSequentially(SuiteRunner.java:378)
at org.testng.SuiteRunner.privateRun(SuiteRunner.java:337)
at org.testng.SuiteRunner.run(SuiteRunner.java:286)
at org.testng.SuiteRunnerWorker.runSuite(SuiteRunnerWorker.java:53)
at org.testng.SuiteRunnerWorker.run(SuiteRunnerWorker.java:96)
at org.testng.TestNG.runSuitesSequentially(TestNG.java:1214)
at org.testng.TestNG.runSuitesLocally(TestNG.java:1136)
at org.testng.TestNG.runSuites(TestNG.java:1066)
at org.testng.TestNG.run(TestNG.java:1034)
at org.testng.remote.AbstractRemoteTestNG.run(AbstractRemoteTestNG.java:115)
at org.testng.remote.RemoteTestNG.initAndRun(RemoteTestNG.java:251)
at org.testng.remote.RemoteTestNG.main(RemoteTestNG.java:77)
Caused by: org.openqa.selenium.InvalidElementStateException: Cannot set the element to 'Sushma'. Did you interact with the correct element? (WARNING: The server did not provide any stacktrace information)
Command duration or timeout: 61 milliseconds
Build info: version: '3.0.0', revision: '350cf60', time: '2016-10-13 10:48:57 -0700'
System info: host: 'DESKTOP-MQN71IE', ip: '192.168.43.96', os.name: 'Windows 10', os.arch: 'amd64', os.version: '10.0', java.version: '1.8.0_261'
Driver info: io.appium.java_client.android.AndroidDriver
Capabilities [{appPackage=com.ascentya.Asgri, statBarHeight=84, viewportRect={top=84, left=0, width=1080, height=2036}, deviceName=S8KZV4JFOB9LU8HU, platform=ANDROID, deviceUDID=S8KZV4JFOB9LU8HU, desired={app=C:\Users\unic\eclipse-workspace\Asgri_android\src\test\resources\App_APK\ASGRI.apk, appPackage=com.ascentya.Asgri, appWaitActivity=com.ascentya.Asgri.Activitys.Splash_Screen, deviceName=S8KZV4JFOB9LU8HU, platform=ANDROID, appActivity=com.ascentya.Asgri.Activitys.Splash_Screen, locationServicesAuthorized=true, newCommandTimeout=45000, platformVersion=9.0, automationName=Appium, autoGrantPermissions=true, platformName=Android, autoAcceptAlerts=true}, locationServicesAuthorized=true, newCommandTimeout=45000, platformVersion=9, webStorageEnabled=false, automationName=Appium, takesScreenshot=true, javascriptEnabled=true, platformName=Android, deviceApiLevel=28, deviceManufacturer=Realme, app=C:\Users\unic\eclipse-workspace\Asgri_android\src\test\resources\App_APK\ASGRI.apk, deviceScreenSize=1080x2340, networkConnectionEnabled=true, warnings={}, appWaitActivity=com.ascentya.Asgri.Activitys.Splash_Screen, databaseEnabled=false, appActivity=com.ascentya.Asgri.Activitys.Splash_Screen, pixelRatio=3, locationContextEnabled=false, autoGrantPermissions=true, deviceScreenDensity=480, deviceModel=RMX1831, autoAcceptAlerts=true}]
Session ID: a0ad2572-ea38-42e4-a85e-8fc6453a5a74
at sun.reflect.NativeConstructorAccessorImpl.newInstance0(Native Method)
at sun.reflect.NativeConstructorAccessorImpl.newInstance(Unknown Source)
at sun.reflect.DelegatingConstructorAccessorImpl.newInstance(Unknown Source)
at java.lang.reflect.Constructor.newInstance(Unknown Source)
at org.openqa.selenium.remote.ErrorHandler.createThrowable(ErrorHandler.java:216)
at org.openqa.selenium.remote.ErrorHandler.throwIfResponseFailed(ErrorHandler.java:168)
at org.openqa.selenium.remote.RemoteWebDriver.execute(RemoteWebDriver.java:635)
at io.appium.java_client.DefaultGenericMobileDriver.execute(DefaultGenericMobileDriver.java:42)
at io.appium.java_client.AppiumDriver.execute(AppiumDriver.java:1)
at io.appium.java_client.android.AndroidDriver.execute(AndroidDriver.java:1)
at org.openqa.selenium.remote.RemoteWebElement.execute(RemoteWebElement.java:274)
at io.appium.java_client.DefaultGenericMobileElement.execute(DefaultGenericMobileElement.java:44)
at io.appium.java_client.MobileElement.execute(MobileElement.java:1)
at io.appium.java_client.android.AndroidElement.execute(AndroidElement.java:1)
at org.openqa.selenium.remote.RemoteWebElement.sendKeys(RemoteWebElement.java:98)
... 35 more
]]>
    </error>
  </testcase> <!-- RegisterLand -->
  <system-out/>
</testsuite> <!-- com.Asgri.android.RegisterNewland -->
